mode: set
sms/handlers/auth_handler.go:14.60,16.2 1 1
sms/handlers/auth_handler.go:42.69,43.33 1 1
sms/handlers/auth_handler.go:43.33,46.3 2 1
sms/handlers/auth_handler.go:48.2,49.61 2 1
sms/handlers/auth_handler.go:49.61,52.3 2 1
sms/handlers/auth_handler.go:54.2,55.16 2 1
sms/handlers/auth_handler.go:55.16,58.3 2 1
sms/handlers/auth_handler.go:60.2,61.16 2 1
sms/handlers/auth_handler.go:61.16,64.3 2 0
sms/handlers/auth_handler.go:66.2,72.55 4 1
sms/handlers/auth_handler.go:72.55,74.3 1 0
sms/handlers/auth_handler.go:77.70,78.33 1 1
sms/handlers/auth_handler.go:78.33,81.3 2 1
sms/handlers/auth_handler.go:83.2,84.61 2 1
sms/handlers/auth_handler.go:84.61,87.3 2 1
sms/handlers/auth_handler.go:88.2,88.61 1 1
sms/handlers/auth_handler.go:88.61,91.3 2 1
sms/handlers/auth_handler.go:93.2,94.16 2 1
sms/handlers/auth_handler.go:94.16,97.3 2 1
sms/handlers/auth_handler.go:99.2,100.16 2 1
sms/handlers/auth_handler.go:100.16,103.3 2 0
sms/handlers/auth_handler.go:105.2,111.55 4 1
sms/handlers/auth_handler.go:111.55,113.3 1 0
sms/handlers/grades_handler.go:29.63,31.2 1 1
sms/handlers/grades_handler.go:33.83,34.32 1 0
sms/handlers/grades_handler.go:34.32,37.3 2 0
sms/handlers/grades_handler.go:38.2,39.37 2 0
sms/handlers/grades_handler.go:39.37,42.3 2 0
sms/handlers/grades_handler.go:43.2,46.16 4 0
sms/handlers/grades_handler.go:46.16,49.3 2 0
sms/handlers/grades_handler.go:50.2,50.19 1 0
sms/handlers/grades_handler.go:50.19,53.3 2 0
sms/handlers/grades_handler.go:55.2,56.16 2 0
sms/handlers/grades_handler.go:56.16,59.3 2 0
sms/handlers/grades_handler.go:60.2,60.56 1 0
sms/handlers/grades_handler.go:63.77,64.32 1 0
sms/handlers/grades_handler.go:64.32,67.3 2 0
sms/handlers/grades_handler.go:68.2,69.37 2 0
sms/handlers/grades_handler.go:69.37,72.3 2 0
sms/handlers/grades_handler.go:73.2,76.16 4 0
sms/handlers/grades_handler.go:76.16,79.3 2 0
sms/handlers/grades_handler.go:81.2,81.19 1 0
sms/handlers/grades_handler.go:81.19,84.3 2 0
sms/handlers/grades_handler.go:86.2,87.16 2 0
sms/handlers/grades_handler.go:87.16,90.3 2 0
sms/handlers/grades_handler.go:91.2,91.56 1 0
sms/handlers/grades_handler.go:94.74,95.33 1 1
sms/handlers/grades_handler.go:95.33,98.3 2 1
sms/handlers/grades_handler.go:99.2,100.37 2 1
sms/handlers/grades_handler.go:100.37,103.3 2 1
sms/handlers/grades_handler.go:104.2,105.61 2 1
sms/handlers/grades_handler.go:105.61,108.3 2 1
sms/handlers/grades_handler.go:109.2,110.16 2 1
sms/handlers/grades_handler.go:110.16,113.3 2 1
sms/handlers/grades_handler.go:114.2,114.70 1 1
sms/handlers/grades_handler.go:117.77,118.34 1 0
sms/handlers/grades_handler.go:118.34,121.3 2 0
sms/handlers/grades_handler.go:122.2,123.37 2 0
sms/handlers/grades_handler.go:123.37,126.3 2 0
sms/handlers/grades_handler.go:127.2,128.61 2 0
sms/handlers/grades_handler.go:128.61,131.3 2 0
sms/handlers/grades_handler.go:132.2,133.16 2 0
sms/handlers/grades_handler.go:133.16,136.3 2 0
sms/handlers/grades_handler.go:137.2,137.65 1 0
sms/handlers/students_handler.go:38.67,40.2 1 0
sms/handlers/students_handler.go:42.78,43.33 1 0
sms/handlers/students_handler.go:43.33,46.3 2 0
sms/handlers/students_handler.go:47.2,48.16 2 0
sms/handlers/students_handler.go:48.16,50.3 1 0
sms/handlers/students_handler.go:51.2,51.21 1 0
sms/handlers/students_handler.go:51.21,54.3 2 0
sms/handlers/students_handler.go:56.2,57.61 2 0
sms/handlers/students_handler.go:57.61,60.3 2 0
sms/handlers/students_handler.go:61.2,64.16 3 0
sms/handlers/students_handler.go:64.16,67.3 2 0
sms/handlers/students_handler.go:68.2,78.71 4 0
sms/handlers/students_handler.go:81.81,82.34 1 0
sms/handlers/students_handler.go:82.34,85.3 2 0
sms/handlers/students_handler.go:86.2,87.35 2 0
sms/handlers/students_handler.go:87.35,90.3 2 0
sms/handlers/students_handler.go:91.2,92.21 2 0
sms/handlers/students_handler.go:92.21,95.3 2 0
sms/handlers/students_handler.go:96.2,97.71 2 0
sms/handlers/students_handler.go:97.71,100.3 2 0
sms/handlers/students_handler.go:101.2,102.16 2 0
sms/handlers/students_handler.go:102.16,105.3 2 0
sms/handlers/students_handler.go:106.2,106.61 1 0
