mode: set
sms/repository/gradesRepository/grade_repository.go:14.42,16.2 1 1
sms/repository/gradesRepository/grade_repository.go:18.87,21.16 3 1
sms/repository/gradesRepository/grade_repository.go:21.16,23.3 1 0
sms/repository/gradesRepository/grade_repository.go:24.2,26.18 3 1
sms/repository/gradesRepository/grade_repository.go:26.18,28.43 2 1
sms/repository/gradesRepository/grade_repository.go:28.43,30.4 1 0
sms/repository/gradesRepository/grade_repository.go:31.3,31.33 1 1
sms/repository/gradesRepository/grade_repository.go:34.2,34.20 1 1
sms/repository/gradesRepository/grade_repository.go:37.99,42.2 3 1
sms/repository/gradesRepository/grade_repository.go:44.90,48.2 3 1
sms/repository/gradesRepository/grade_repository.go:57.85,62.2 4 1
sms/repository/gradesRepository/grade_repository.go:64.94,71.16 3 1
sms/repository/gradesRepository/grade_repository.go:71.16,73.3 1 1
sms/repository/gradesRepository/grade_repository.go:74.2,75.18 2 1
sms/repository/gradesRepository/grade_repository.go:75.18,77.80 2 1
sms/repository/gradesRepository/grade_repository.go:77.80,79.4 1 0
sms/repository/gradesRepository/grade_repository.go:80.3,80.34 1 1
sms/repository/gradesRepository/grade_repository.go:82.2,82.22 1 1
