mode: set
sms/services/auth_service.go:19.69,21.2 1 1
sms/services/auth_service.go:23.103,26.31 2 1
sms/services/auth_service.go:26.31,28.3 1 1
sms/services/auth_service.go:29.2,29.16 1 1
sms/services/auth_service.go:29.16,31.3 1 0
sms/services/auth_service.go:33.2,33.95 1 1
sms/services/auth_service.go:33.95,35.3 1 1
sms/services/auth_service.go:37.2,37.19 1 1
sms/services/auth_service.go:40.69,43.2 2 1
sms/services/auth_service.go:45.55,48.2 2 1
sms/services/auth_service.go:50.61,60.2 2 1
sms/services/auth_service.go:62.102,63.28 1 1
sms/services/auth_service.go:63.28,65.3 1 0
sms/services/auth_service.go:67.2,67.58 1 1
sms/services/auth_service.go:67.58,69.3 1 1
sms/services/auth_service.go:71.2,71.34 1 1
sms/services/auth_service.go:71.34,73.3 1 0
sms/services/auth_service.go:75.2,76.16 2 1
sms/services/auth_service.go:76.16,78.3 1 0
sms/services/auth_service.go:80.2,82.16 3 1
sms/services/auth_service.go:82.16,84.3 1 0
sms/services/auth_service.go:86.2,86.68 1 1
sms/services/grade_service.go:12.73,14.2 1 1
sms/services/grade_service.go:16.90,18.16 2 1
sms/services/grade_service.go:18.16,20.3 1 1
sms/services/grade_service.go:21.2,21.28 1 1
sms/services/grade_service.go:24.117,26.16 2 1
sms/services/grade_service.go:26.16,28.3 1 1
sms/services/grade_service.go:29.2,29.21 1 1
sms/services/grade_service.go:32.102,33.15 1 1
sms/services/grade_service.go:33.15,35.3 1 1
sms/services/grade_service.go:36.2,37.12 2 1
sms/services/grade_service.go:40.93,41.18 1 1
sms/services/grade_service.go:41.18,43.3 1 1
sms/services/grade_service.go:44.2,45.12 2 1
sms/services/jwt.go:19.62,31.2 3 1
sms/services/jwt.go:33.55,36.93 2 1
sms/services/jwt.go:36.93,38.58 1 1
sms/services/jwt.go:38.58,40.4 1 0
sms/services/jwt.go:41.3,41.24 1 1
sms/services/jwt.go:43.2,43.16 1 1
sms/services/jwt.go:43.16,45.3 1 1
sms/services/jwt.go:47.2,47.18 1 1
sms/services/jwt.go:47.18,49.3 1 0
sms/services/jwt.go:51.2,51.20 1 1
sms/services/student_service.go:16.74,18.2 1 1
sms/services/student_service.go:20.115,23.20 2 1
sms/services/student_service.go:23.20,25.3 1 1
sms/services/student_service.go:27.2,27.16 1 1
sms/services/student_service.go:27.16,29.3 1 1
sms/services/student_service.go:30.2,32.16 3 1
sms/services/student_service.go:32.16,34.3 1 1
sms/services/student_service.go:35.2,42.25 2 1
sms/services/student_service.go:45.106,48.16 2 1
sms/services/student_service.go:48.16,50.3 1 1
sms/services/student_service.go:51.2,51.22 1 1
sms/services/student_service.go:51.22,53.3 1 0
sms/services/student_service.go:54.2,54.19 1 1
sms/services/student_service.go:54.19,56.3 1 0
sms/services/student_service.go:57.2,57.19 1 1
sms/services/student_service.go:57.19,59.3 1 0
sms/services/student_service.go:61.2,62.12 2 1
